Discovering facilities from API...
Dropping facilities without coordinates: ['HIGHBRY', 'KOOLKHAN', 'NORTHGT', 'SNOWY4', 'SNOWY5', 'SUNCOAST', 'TEATREE']

Resolved 5 facility IDs.
Running backend build...
2025-11-02 23:04:05,728 INFO [a2.backend] phase=build_cache mode=dry_run start=2024-10-01T00:00:00 end=2024-10-01T06:00:00 metrics=power,emissions facilities=ADP,0BCWF,0BSSF,0BUNDSF,0BUNGAMA
2025-11-02 23:04:06,470 WARNING [a2.backend] Dropping facilities without coordinates: ['HIGHBRY', 'KOOLKHAN', 'NORTHGT', 'SNOWY4', 'SNOWY5', 'SUNCOAST', 'TEATREE']
2025-11-02 23:04:06,472 INFO [a2.backend] phase=facilities rows=5
2025-11-02 23:04:19,231 ERROR [a2.backend] HTTP error 416 for GET https://api.openelectricity.org.au/v4/data/facilities/NEM params=[('metrics', 'power'), ('metrics', 'emissions'), ('facility_code', '0BCWF'), ('date_start', '2024-10-01T00:00:00'), ('date_end', '2024-10-01T06:00:00'), ('interval', '5m')] detail=No data available for facility ['0BCWF'] in the specified time range
2025-11-02 23:04:19,231 INFO [a2.backend] phase=fetch facility=0BCWF status=no_data
2025-11-02 23:04:19,235 INFO [a2.backend] phase=fetch facility=0BCWF rows=0 duration=12.76s
2025-11-02 23:04:20,047 ERROR [a2.backend] HTTP error 416 for GET https://api.openelectricity.org.au/v4/data/facilities/NEM params=[('metrics', 'power'), ('metrics', 'emissions'), ('facility_code', '0BSSF'), ('date_start', '2024-10-01T00:00:00'), ('date_end', '2024-10-01T06:00:00'), ('interval', '5m')] detail=No data available for facility ['0BSSF'] in the specified time range
2025-11-02 23:04:20,047 INFO [a2.backend] phase=fetch facility=0BSSF status=no_data
2025-11-02 23:04:20,049 INFO [a2.backend] phase=fetch facility=0BSSF rows=0 duration=0.81s
2025-11-02 23:04:20,816 ERROR [a2.backend] HTTP error 416 for GET https://api.openelectricity.org.au/v4/data/facilities/NEM params=[('metrics', 'power'), ('metrics', 'emissions'), ('facility_code', '0BUNDSF'), ('date_start', '2024-10-01T00:00:00'), ('date_end', '2024-10-01T06:00:00'), ('interval', '5m')] detail=No data available for facility ['0BUNDSF'] in the specified time range
2025-11-02 23:04:20,816 INFO [a2.backend] phase=fetch facility=0BUNDSF status=no_data
2025-11-02 23:04:20,816 INFO [a2.backend] phase=fetch facility=0BUNDSF rows=0 duration=0.77s
2025-11-02 23:04:21,421 ERROR [a2.backend] HTTP error 416 for GET https://api.openelectricity.org.au/v4/data/facilities/NEM params=[('metrics', 'power'), ('metrics', 'emissions'), ('facility_code', '0BUNGAMA'), ('date_start', '2024-10-01T00:00:00'), ('date_end', '2024-10-01T06:00:00'), ('interval', '5m')] detail=No data available for facility ['0BUNGAMA'] in the specified time range
2025-11-02 23:04:21,421 INFO [a2.backend] phase=fetch facility=0BUNGAMA status=no_data
2025-11-02 23:04:21,422 INFO [a2.backend] phase=fetch facility=0BUNGAMA rows=0 duration=0.61s
2025-11-02 23:04:22,032 INFO [a2.backend] phase=fetch facility=ADP rows=576 duration=0.61s
2025-11-02 23:04:22,046 INFO [a2.backend] phase=transform rows_raw=576 rows_reconciled=144 rows_wide=72
2025-11-02 23:04:22,046 INFO [a2.backend] Dry run enabled; skipping cache write.

Running backend stream...
2025-11-02 23:04:23,071 INFO [a2.backend] phase=stream cache=data/cache/nem_202410010000_202410010015.parquet events=3 facilities=1
2025-11-02 23:04:23,071 INFO [a2.backend] dry_run_event facility=ADP payload={"facility_id":"ADP","ts_event":"2024-10-01T00:00:00","ts_ingest":"2025-11-02T12:04:23.071550","power_mw":0.008,"co2_t":0.0,"price":null,"demand":null}
2025-11-02 23:04:23,071 INFO [a2.backend] dry_run_event facility=ADP payload={"facility_id":"ADP","ts_event":"2024-10-01T00:05:00","ts_ingest":"2025-11-02T12:04:23.071674","power_mw":0.0,"co2_t":0.0,"price":null,"demand":null}
2025-11-02 23:04:23,071 INFO [a2.backend] dry_run_event facility=ADP payload={"facility_id":"ADP","ts_event":"2024-10-01T00:10:00","ts_ingest":"2025-11-02T12:04:23.071743","power_mw":0.0,"co2_t":0.0,"price":null,"demand":null}
2025-11-02 23:04:23,071 INFO [a2.backend] Dry run enabled; MQTT publish skipped.

Backend orchestration complete.
